27-May-2021 15:32:51.265 INFO [main] org.apache.catalina.startup.VersionLoggerListener.log Server version name:   Apache Tomcat/10.0.5
27-May-2021 15:32:51.271 INFO [main] org.apache.catalina.startup.VersionLoggerListener.log Server built:          Mar 30 2021 08:19:50 UTC
27-May-2021 15:32:51.271 INFO [main] org.apache.catalina.startup.VersionLoggerListener.log Server version number: 10.0.5.0
27-May-2021 15:32:51.271 INFO [main] org.apache.catalina.startup.VersionLoggerListener.log OS Name:               Windows 10
27-May-2021 15:32:51.271 INFO [main] org.apache.catalina.startup.VersionLoggerListener.log OS Version:            10.0
27-May-2021 15:32:51.271 INFO [main] org.apache.catalina.startup.VersionLoggerListener.log Architecture:          amd64
27-May-2021 15:32:51.271 INFO [main] org.apache.catalina.startup.VersionLoggerListener.log Java Home:             C:\Program Files\Java\jdk-14.0.2
27-May-2021 15:32:51.271 INFO [main] org.apache.catalina.startup.VersionLoggerListener.log JVM Version:           14.0.2+12-46
27-May-2021 15:32:51.272 INFO [main] org.apache.catalina.startup.VersionLoggerListener.log JVM Vendor:            Oracle Corporation
27-May-2021 15:32:51.272 INFO [main] org.apache.catalina.startup.VersionLoggerListener.log CATALINA_BASE:         I:\21Spring\COMP4321\Project\Final_Version\After\apache-tomcat-10.0.5_group11_added_DB
27-May-2021 15:32:51.272 INFO [main] org.apache.catalina.startup.VersionLoggerListener.log CATALINA_HOME:         I:\21Spring\COMP4321\Project\Final_Version\After\apache-tomcat-10.0.5_group11_added_DB
27-May-2021 15:32:51.300 INFO [main] org.apache.catalina.startup.VersionLoggerListener.log Command line argument: --add-opens=java.base/java.lang=ALL-UNNAMED
27-May-2021 15:32:51.300 INFO [main] org.apache.catalina.startup.VersionLoggerListener.log Command line argument: --add-opens=java.base/java.io=ALL-UNNAMED
27-May-2021 15:32:51.301 INFO [main] org.apache.catalina.startup.VersionLoggerListener.log Command line argument: --add-opens=java.base/java.util=ALL-UNNAMED
27-May-2021 15:32:51.301 INFO [main] org.apache.catalina.startup.VersionLoggerListener.log Command line argument: --add-opens=java.base/java.util.concurrent=ALL-UNNAMED
27-May-2021 15:32:51.301 INFO [main] org.apache.catalina.startup.VersionLoggerListener.log Command line argument: --add-opens=java.rmi/sun.rmi.transport=ALL-UNNAMED
27-May-2021 15:32:51.301 INFO [main] org.apache.catalina.startup.VersionLoggerListener.log Command line argument: -Djava.util.logging.config.file=I:/21Spring/COMP4321/Project/Final_Version/After/apache-tomcat-10.0.5_group11_added_DB/conf/logging.properties
27-May-2021 15:32:51.302 INFO [main] org.apache.catalina.startup.VersionLoggerListener.log Command line argument: -Djava.util.logging.manager=org.apache.juli.ClassLoaderLogManager
27-May-2021 15:32:51.302 INFO [main] org.apache.catalina.startup.VersionLoggerListener.log Command line argument: -Djdk.tls.ephemeralDHKeySize=2048
27-May-2021 15:32:51.302 INFO [main] org.apache.catalina.startup.VersionLoggerListener.log Command line argument: -Djava.protocol.handler.pkgs=org.apache.catalina.webresources
27-May-2021 15:32:51.302 INFO [main] org.apache.catalina.startup.VersionLoggerListener.log Command line argument: -Dorg.apache.catalina.security.SecurityListener.UMASK=0027
27-May-2021 15:32:51.302 INFO [main] org.apache.catalina.startup.VersionLoggerListener.log Command line argument: -Dignore.endorsed.dirs=
27-May-2021 15:32:51.303 INFO [main] org.apache.catalina.startup.VersionLoggerListener.log Command line argument: -Dcatalina.base=I:/21Spring/COMP4321/Project/Final_Version/After/apache-tomcat-10.0.5_group11_added_DB
27-May-2021 15:32:51.303 INFO [main] org.apache.catalina.startup.VersionLoggerListener.log Command line argument: -Dcatalina.home=I:/21Spring/COMP4321/Project/Final_Version/After/apache-tomcat-10.0.5_group11_added_DB
27-May-2021 15:32:51.303 INFO [main] org.apache.catalina.startup.VersionLoggerListener.log Command line argument: -Djava.io.tmpdir=I:/21Spring/COMP4321/Project/Final_Version/After/apache-tomcat-10.0.5_group11_added_DB/temp
27-May-2021 15:32:51.317 INFO [main] org.apache.catalina.core.AprLifecycleListener.lifecycleEvent The Apache Tomcat Native library which allows using OpenSSL was not found on the java.library.path: [C:\Program Files\Java\jdk-14.0.2\bin;C:\WINDOWS\Sun\Java\bin;C:\WINDOWS\system32;C:\WINDOWS;C:\Users\Gary\bin;C:\Program Files\Git\mingw64\bin;C:\Program Files\Git\usr\local\bin;C:\Program Files\Git\usr\bin;C:\Program Files\Git\usr\bin;C:\Program Files\Git\mingw64\bin;C:\Program Files\Git\usr\bin;C:\Users\Gary\bin;C:\Program Files\NVIDIA GPU Computing Toolkit\CUDA\v11.2\bin;C:\Program Files\NVIDIA GPU Computing Toolkit\CUDA\v11.2\libnvvp;C:\app\Gary\product\18.0.0\dbhomeXE\bin;C:\Python39\Scripts;C:\Python39;C:\WINDOWS\system32;C:\WINDOWS;C:\WINDOWS\System32\Wbem;C:\WINDOWS\System32\WindowsPowerShell\v1.0;C:\WINDOWS\System32\OpenSSH;C:\xampp\php;C:\ProgramData\ComposerSetup\bin;C:\Program Files\PuTTY;C:\Program Files\Git\cmd;C:\Program Files\Git\mingw64\bin;C:\Program Files\Git\usr\bin;C:\Program Files\nodejs;C:\ProgramData\chocolatey\bin;C:\Users\Gary\AppData\Roaming\npm;C:\Program Files (x86)\Pulse Secure\VC142.CRT\X64;C:\Program Files (x86)\Pulse Secure\VC142.CRT\X86;C:\Program Files (x86)\NetSarang\Xshell 7;C:\Program Files\NVIDIA Corporation\Nsight Compute 2020.3.1;C:\Program Files (x86)\NVIDIA Corporation\PhysX\Common;C:\Program Files\NVIDIA Corporation\NVIDIA NvDLISR;C:\Users\Gary\AppData\Local\Programs\Python\Python38-32\Scripts;C:\Users\Gary\AppData\Local\Programs\Python\Python38-32;C:\Users\Gary\AppData\Local\Microsoft\WindowsApps;C:\Users\Gary\AppData\Roaming\Composer\vendor\bin;C:\Program Files\Java\jdk-14.0.2\bin;C:\MinGW\bin;C:\Users\Gary\AppData\Local\Programs\Microsoft VS Code\bin;C:\Users\Gary\AppData\Roaming\npm;C:\Program Files\MongoDB\Server\4.4\bin;C:\Program Files\Git\usr\bin\vendor_perl;C:\Program Files\Git\usr\bin\core_perl;.]
27-May-2021 15:32:51.664 INFO [main] org.apache.coyote.AbstractProtocol.init Initializing ProtocolHandler ["http-nio-8080"]
27-May-2021 15:32:51.701 INFO [main] org.apache.catalina.startup.Catalina.load Server initialization in [696] milliseconds
27-May-2021 15:32:51.751 INFO [main] org.apache.catalina.core.StandardService.startInternal Starting service [Catalina]
27-May-2021 15:32:51.751 INFO [main] org.apache.catalina.core.StandardEngine.startInternal Starting Servlet engine: [Apache Tomcat/10.0.5]
27-May-2021 15:32:51.759 INFO [main] org.apache.catalina.startup.HostConfig.deployDirectory Deploying web application directory [I:\21Spring\COMP4321\Project\Final_Version\After\apache-tomcat-10.0.5_group11_added_DB\webapps\docs]
27-May-2021 15:32:52.101 INFO [main] org.apache.catalina.startup.HostConfig.deployDirectory Deployment of web application directory [I:\21Spring\COMP4321\Project\Final_Version\After\apache-tomcat-10.0.5_group11_added_DB\webapps\docs] has finished in [340] ms
27-May-2021 15:32:52.102 INFO [main] org.apache.catalina.startup.HostConfig.deployDirectory Deploying web application directory [I:\21Spring\COMP4321\Project\Final_Version\After\apache-tomcat-10.0.5_group11_added_DB\webapps\example]
27-May-2021 15:32:52.391 INFO [main] org.apache.jasper.servlet.TldScanner.scanJars At least one JAR was scanned for TLDs yet contained no TLDs. Enable debug logging for this logger for a complete list of JARs that were scanned but no TLDs were found in them. Skipping unneeded JARs during scanning can improve startup time and JSP compilation time.
27-May-2021 15:32:52.417 INFO [main] org.apache.catalina.startup.HostConfig.deployDirectory Deployment of web application directory [I:\21Spring\COMP4321\Project\Final_Version\After\apache-tomcat-10.0.5_group11_added_DB\webapps\example] has finished in [315] ms
27-May-2021 15:32:52.417 INFO [main] org.apache.catalina.startup.HostConfig.deployDirectory Deploying web application directory [I:\21Spring\COMP4321\Project\Final_Version\After\apache-tomcat-10.0.5_group11_added_DB\webapps\examples]
27-May-2021 15:32:53.486 INFO [main] org.apache.catalina.startup.HostConfig.deployDirectory Deployment of web application directory [I:\21Spring\COMP4321\Project\Final_Version\After\apache-tomcat-10.0.5_group11_added_DB\webapps\examples] has finished in [1,069] ms
27-May-2021 15:32:53.487 INFO [main] org.apache.catalina.startup.HostConfig.deployDirectory Deploying web application directory [I:\21Spring\COMP4321\Project\Final_Version\After\apache-tomcat-10.0.5_group11_added_DB\webapps\host-manager]
27-May-2021 15:32:53.540 INFO [main] org.apache.catalina.startup.HostConfig.deployDirectory Deployment of web application directory [I:\21Spring\COMP4321\Project\Final_Version\After\apache-tomcat-10.0.5_group11_added_DB\webapps\host-manager] has finished in [54] ms
27-May-2021 15:32:53.541 INFO [main] org.apache.catalina.startup.HostConfig.deployDirectory Deploying web application directory [I:\21Spring\COMP4321\Project\Final_Version\After\apache-tomcat-10.0.5_group11_added_DB\webapps\manager]
27-May-2021 15:32:53.584 INFO [main] org.apache.catalina.startup.HostConfig.deployDirectory Deployment of web application directory [I:\21Spring\COMP4321\Project\Final_Version\After\apache-tomcat-10.0.5_group11_added_DB\webapps\manager] has finished in [43] ms
27-May-2021 15:32:53.584 INFO [main] org.apache.catalina.startup.HostConfig.deployDirectory Deploying web application directory [I:\21Spring\COMP4321\Project\Final_Version\After\apache-tomcat-10.0.5_group11_added_DB\webapps\ROOT]
27-May-2021 15:32:53.613 INFO [main] org.apache.catalina.startup.HostConfig.deployDirectory Deployment of web application directory [I:\21Spring\COMP4321\Project\Final_Version\After\apache-tomcat-10.0.5_group11_added_DB\webapps\ROOT] has finished in [29] ms
27-May-2021 15:32:53.617 INFO [main] org.apache.coyote.AbstractProtocol.start Starting ProtocolHandler ["http-nio-8080"]
27-May-2021 15:32:53.672 INFO [main] org.apache.catalina.startup.Catalina.start Server startup in [1970] milliseconds
27-May-2021 15:33:57.639 INFO [main] org.apache.catalina.core.StandardServer.await A valid shutdown command was received via the shutdown port. Stopping the Server instance.
27-May-2021 15:33:57.640 INFO [main] org.apache.coyote.AbstractProtocol.pause Pausing ProtocolHandler ["http-nio-8080"]
27-May-2021 15:33:57.657 INFO [main] org.apache.catalina.core.StandardService.stopInternal Stopping service [Catalina]
27-May-2021 15:33:57.684 INFO [main] org.apache.coyote.AbstractProtocol.stop Stopping ProtocolHandler ["http-nio-8080"]
27-May-2021 15:33:57.703 INFO [main] org.apache.coyote.AbstractProtocol.destroy Destroying ProtocolHandler ["http-nio-8080"]
