03-May-2021 18:14:49.585 INFO [main] org.apache.catalina.startup.VersionLoggerListener.log Server version name:   Apache Tomcat/10.0.5
03-May-2021 18:14:49.591 INFO [main] org.apache.catalina.startup.VersionLoggerListener.log Server built:          Mar 30 2021 08:19:50 UTC
03-May-2021 18:14:49.591 INFO [main] org.apache.catalina.startup.VersionLoggerListener.log Server version number: 10.0.5.0
03-May-2021 18:14:49.591 INFO [main] org.apache.catalina.startup.VersionLoggerListener.log OS Name:               Windows 10
03-May-2021 18:14:49.591 INFO [main] org.apache.catalina.startup.VersionLoggerListener.log OS Version:            10.0
03-May-2021 18:14:49.591 INFO [main] org.apache.catalina.startup.VersionLoggerListener.log Architecture:          amd64
03-May-2021 18:14:49.592 INFO [main] org.apache.catalina.startup.VersionLoggerListener.log Java Home:             C:\Program Files\Java\jdk-14.0.2
03-May-2021 18:14:49.592 INFO [main] org.apache.catalina.startup.VersionLoggerListener.log JVM Version:           14.0.2+12-46
03-May-2021 18:14:49.592 INFO [main] org.apache.catalina.startup.VersionLoggerListener.log JVM Vendor:            Oracle Corporation
03-May-2021 18:14:49.592 INFO [main] org.apache.catalina.startup.VersionLoggerListener.log CATALINA_BASE:         I:\21Spring\COMP4321\Project\Final_Version\After\apache-tomcat-10.0.5_group11
03-May-2021 18:14:49.592 INFO [main] org.apache.catalina.startup.VersionLoggerListener.log CATALINA_HOME:         I:\21Spring\COMP4321\Project\Final_Version\After\apache-tomcat-10.0.5_group11
03-May-2021 18:14:49.622 INFO [main] org.apache.catalina.startup.VersionLoggerListener.log Command line argument: --add-opens=java.base/java.lang=ALL-UNNAMED
03-May-2021 18:14:49.622 INFO [main] org.apache.catalina.startup.VersionLoggerListener.log Command line argument: --add-opens=java.base/java.io=ALL-UNNAMED
03-May-2021 18:14:49.622 INFO [main] org.apache.catalina.startup.VersionLoggerListener.log Command line argument: --add-opens=java.base/java.util=ALL-UNNAMED
03-May-2021 18:14:49.622 INFO [main] org.apache.catalina.startup.VersionLoggerListener.log Command line argument: --add-opens=java.base/java.util.concurrent=ALL-UNNAMED
03-May-2021 18:14:49.622 INFO [main] org.apache.catalina.startup.VersionLoggerListener.log Command line argument: --add-opens=java.rmi/sun.rmi.transport=ALL-UNNAMED
03-May-2021 18:14:49.622 INFO [main] org.apache.catalina.startup.VersionLoggerListener.log Command line argument: -Djava.util.logging.config.file=I:/21Spring/COMP4321/Project/Final_Version/After/apache-tomcat-10.0.5_group11/conf/logging.properties
03-May-2021 18:14:49.622 INFO [main] org.apache.catalina.startup.VersionLoggerListener.log Command line argument: -Djava.util.logging.manager=org.apache.juli.ClassLoaderLogManager
03-May-2021 18:14:49.623 INFO [main] org.apache.catalina.startup.VersionLoggerListener.log Command line argument: -Djdk.tls.ephemeralDHKeySize=2048
03-May-2021 18:14:49.623 INFO [main] org.apache.catalina.startup.VersionLoggerListener.log Command line argument: -Djava.protocol.handler.pkgs=org.apache.catalina.webresources
03-May-2021 18:14:49.623 INFO [main] org.apache.catalina.startup.VersionLoggerListener.log Command line argument: -Dorg.apache.catalina.security.SecurityListener.UMASK=0027
03-May-2021 18:14:49.623 INFO [main] org.apache.catalina.startup.VersionLoggerListener.log Command line argument: -Dignore.endorsed.dirs=
03-May-2021 18:14:49.623 INFO [main] org.apache.catalina.startup.VersionLoggerListener.log Command line argument: -Dcatalina.base=I:/21Spring/COMP4321/Project/Final_Version/After/apache-tomcat-10.0.5_group11
03-May-2021 18:14:49.623 INFO [main] org.apache.catalina.startup.VersionLoggerListener.log Command line argument: -Dcatalina.home=I:/21Spring/COMP4321/Project/Final_Version/After/apache-tomcat-10.0.5_group11
03-May-2021 18:14:49.623 INFO [main] org.apache.catalina.startup.VersionLoggerListener.log Command line argument: -Djava.io.tmpdir=I:/21Spring/COMP4321/Project/Final_Version/After/apache-tomcat-10.0.5_group11/temp
03-May-2021 18:14:49.633 INFO [main] org.apache.catalina.core.AprLifecycleListener.lifecycleEvent The Apache Tomcat Native library which allows using OpenSSL was not found on the java.library.path: [C:\Program Files\Java\jdk-14.0.2\bin;C:\WINDOWS\Sun\Java\bin;C:\WINDOWS\system32;C:\WINDOWS;C:\Users\Gary\bin;C:\Program Files\Git\mingw64\bin;C:\Program Files\Git\usr\local\bin;C:\Program Files\Git\usr\bin;C:\Program Files\Git\usr\bin;C:\Program Files\Git\mingw64\bin;C:\Program Files\Git\usr\bin;C:\Users\Gary\bin;C:\Program Files\NVIDIA GPU Computing Toolkit\CUDA\v11.2\bin;C:\Program Files\NVIDIA GPU Computing Toolkit\CUDA\v11.2\libnvvp;C:\app\Gary\product\18.0.0\dbhomeXE\bin;C:\Python39\Scripts;C:\Python39;C:\WINDOWS\system32;C:\WINDOWS;C:\WINDOWS\System32\Wbem;C:\WINDOWS\System32\WindowsPowerShell\v1.0;C:\WINDOWS\System32\OpenSSH;C:\xampp\php;C:\ProgramData\ComposerSetup\bin;C:\Program Files\PuTTY;C:\Program Files\Git\cmd;C:\Program Files\Git\mingw64\bin;C:\Program Files\Git\usr\bin;C:\Program Files\nodejs;C:\ProgramData\chocolatey\bin;C:\Users\Gary\AppData\Roaming\npm;C:\Program Files (x86)\Pulse Secure\VC142.CRT\X64;C:\Program Files (x86)\Pulse Secure\VC142.CRT\X86;C:\Program Files (x86)\NetSarang\Xshell 7;C:\Program Files\NVIDIA Corporation\Nsight Compute 2020.3.1;C:\Program Files (x86)\NVIDIA Corporation\PhysX\Common;C:\Program Files\NVIDIA Corporation\NVIDIA NvDLISR;C:\Users\Gary\AppData\Local\Programs\Python\Python38-32\Scripts;C:\Users\Gary\AppData\Local\Programs\Python\Python38-32;C:\Users\Gary\AppData\Local\Microsoft\WindowsApps;C:\Users\Gary\AppData\Roaming\Composer\vendor\bin;C:\Program Files\Java\jdk-14.0.2\bin;C:\MinGW\bin;C:\Users\Gary\AppData\Local\Programs\Microsoft VS Code\bin;C:\Users\Gary\AppData\Roaming\npm;C:\Program Files\MongoDB\Server\4.4\bin;C:\Program Files\Git\usr\bin\vendor_perl;C:\Program Files\Git\usr\bin\core_perl;.]
03-May-2021 18:14:50.044 INFO [main] org.apache.coyote.AbstractProtocol.init Initializing ProtocolHandler ["http-nio-8080"]
03-May-2021 18:14:50.076 INFO [main] org.apache.catalina.startup.Catalina.load Server initialization in [1079] milliseconds
03-May-2021 18:14:50.125 INFO [main] org.apache.catalina.core.StandardService.startInternal Starting service [Catalina]
03-May-2021 18:14:50.126 INFO [main] org.apache.catalina.core.StandardEngine.startInternal Starting Servlet engine: [Apache Tomcat/10.0.5]
03-May-2021 18:14:50.137 INFO [main] org.apache.catalina.startup.HostConfig.deployDirectory Deploying web application directory [I:\21Spring\COMP4321\Project\Final_Version\After\apache-tomcat-10.0.5_group11\webapps\docs]
03-May-2021 18:14:50.493 INFO [main] org.apache.catalina.startup.HostConfig.deployDirectory Deployment of web application directory [I:\21Spring\COMP4321\Project\Final_Version\After\apache-tomcat-10.0.5_group11\webapps\docs] has finished in [355] ms
03-May-2021 18:14:50.494 INFO [main] org.apache.catalina.startup.HostConfig.deployDirectory Deploying web application directory [I:\21Spring\COMP4321\Project\Final_Version\After\apache-tomcat-10.0.5_group11\webapps\example]
03-May-2021 18:14:50.659 INFO [main] org.apache.jasper.servlet.TldScanner.scanJars At least one JAR was scanned for TLDs yet contained no TLDs. Enable debug logging for this logger for a complete list of JARs that were scanned but no TLDs were found in them. Skipping unneeded JARs during scanning can improve startup time and JSP compilation time.
03-May-2021 18:14:50.668 INFO [main] org.apache.catalina.startup.HostConfig.deployDirectory Deployment of web application directory [I:\21Spring\COMP4321\Project\Final_Version\After\apache-tomcat-10.0.5_group11\webapps\example] has finished in [175] ms
03-May-2021 18:14:50.668 INFO [main] org.apache.catalina.startup.HostConfig.deployDirectory Deploying web application directory [I:\21Spring\COMP4321\Project\Final_Version\After\apache-tomcat-10.0.5_group11\webapps\examples]
03-May-2021 18:14:51.358 INFO [main] org.apache.catalina.startup.HostConfig.deployDirectory Deployment of web application directory [I:\21Spring\COMP4321\Project\Final_Version\After\apache-tomcat-10.0.5_group11\webapps\examples] has finished in [690] ms
03-May-2021 18:14:51.359 INFO [main] org.apache.catalina.startup.HostConfig.deployDirectory Deploying web application directory [I:\21Spring\COMP4321\Project\Final_Version\After\apache-tomcat-10.0.5_group11\webapps\host-manager]
03-May-2021 18:14:51.581 INFO [main] org.apache.catalina.startup.HostConfig.deployDirectory Deployment of web application directory [I:\21Spring\COMP4321\Project\Final_Version\After\apache-tomcat-10.0.5_group11\webapps\host-manager] has finished in [222] ms
03-May-2021 18:14:51.582 INFO [main] org.apache.catalina.startup.HostConfig.deployDirectory Deploying web application directory [I:\21Spring\COMP4321\Project\Final_Version\After\apache-tomcat-10.0.5_group11\webapps\manager]
03-May-2021 18:14:51.659 INFO [main] org.apache.catalina.startup.HostConfig.deployDirectory Deployment of web application directory [I:\21Spring\COMP4321\Project\Final_Version\After\apache-tomcat-10.0.5_group11\webapps\manager] has finished in [77] ms
03-May-2021 18:14:51.659 INFO [main] org.apache.catalina.startup.HostConfig.deployDirectory Deploying web application directory [I:\21Spring\COMP4321\Project\Final_Version\After\apache-tomcat-10.0.5_group11\webapps\ROOT]
03-May-2021 18:14:51.758 INFO [main] org.apache.catalina.startup.HostConfig.deployDirectory Deployment of web application directory [I:\21Spring\COMP4321\Project\Final_Version\After\apache-tomcat-10.0.5_group11\webapps\ROOT] has finished in [99] ms
03-May-2021 18:14:51.761 INFO [main] org.apache.coyote.AbstractProtocol.start Starting ProtocolHandler ["http-nio-8080"]
03-May-2021 18:14:51.822 INFO [main] org.apache.catalina.startup.Catalina.start Server startup in [1746] milliseconds
03-May-2021 18:15:32.815 INFO [main] org.apache.catalina.core.StandardServer.await A valid shutdown command was received via the shutdown port. Stopping the Server instance.
03-May-2021 18:15:32.815 INFO [main] org.apache.coyote.AbstractProtocol.pause Pausing ProtocolHandler ["http-nio-8080"]
03-May-2021 18:15:32.832 INFO [main] org.apache.catalina.core.StandardService.stopInternal Stopping service [Catalina]
03-May-2021 18:15:32.854 INFO [main] org.apache.coyote.AbstractProtocol.stop Stopping ProtocolHandler ["http-nio-8080"]
03-May-2021 18:15:32.877 INFO [main] org.apache.coyote.AbstractProtocol.destroy Destroying ProtocolHandler ["http-nio-8080"]
03-May-2021 18:17:04.688 INFO [main] org.apache.catalina.startup.VersionLoggerListener.log Server version name:   Apache Tomcat/10.0.5
03-May-2021 18:17:04.691 INFO [main] org.apache.catalina.startup.VersionLoggerListener.log Server built:          Mar 30 2021 08:19:50 UTC
03-May-2021 18:17:04.692 INFO [main] org.apache.catalina.startup.VersionLoggerListener.log Server version number: 10.0.5.0
03-May-2021 18:17:04.692 INFO [main] org.apache.catalina.startup.VersionLoggerListener.log OS Name:               Windows 10
03-May-2021 18:17:04.692 INFO [main] org.apache.catalina.startup.VersionLoggerListener.log OS Version:            10.0
03-May-2021 18:17:04.692 INFO [main] org.apache.catalina.startup.VersionLoggerListener.log Architecture:          amd64
03-May-2021 18:17:04.692 INFO [main] org.apache.catalina.startup.VersionLoggerListener.log Java Home:             C:\Program Files\Java\jdk-14.0.2
03-May-2021 18:17:04.692 INFO [main] org.apache.catalina.startup.VersionLoggerListener.log JVM Version:           14.0.2+12-46
03-May-2021 18:17:04.692 INFO [main] org.apache.catalina.startup.VersionLoggerListener.log JVM Vendor:            Oracle Corporation
03-May-2021 18:17:04.692 INFO [main] org.apache.catalina.startup.VersionLoggerListener.log CATALINA_BASE:         I:\21Spring\COMP4321\Project\Final_Version\After\apache-tomcat-10.0.5_group11
03-May-2021 18:17:04.692 INFO [main] org.apache.catalina.startup.VersionLoggerListener.log CATALINA_HOME:         I:\21Spring\COMP4321\Project\Final_Version\After\apache-tomcat-10.0.5_group11
03-May-2021 18:17:04.704 INFO [main] org.apache.catalina.startup.VersionLoggerListener.log Command line argument: --add-opens=java.base/java.lang=ALL-UNNAMED
03-May-2021 18:17:04.704 INFO [main] org.apache.catalina.startup.VersionLoggerListener.log Command line argument: --add-opens=java.base/java.io=ALL-UNNAMED
03-May-2021 18:17:04.705 INFO [main] org.apache.catalina.startup.VersionLoggerListener.log Command line argument: --add-opens=java.base/java.util=ALL-UNNAMED
03-May-2021 18:17:04.705 INFO [main] org.apache.catalina.startup.VersionLoggerListener.log Command line argument: --add-opens=java.base/java.util.concurrent=ALL-UNNAMED
03-May-2021 18:17:04.705 INFO [main] org.apache.catalina.startup.VersionLoggerListener.log Command line argument: --add-opens=java.rmi/sun.rmi.transport=ALL-UNNAMED
03-May-2021 18:17:04.705 INFO [main] org.apache.catalina.startup.VersionLoggerListener.log Command line argument: -Djava.util.logging.config.file=I:/21Spring/COMP4321/Project/Final_Version/After/apache-tomcat-10.0.5_group11/conf/logging.properties
03-May-2021 18:17:04.705 INFO [main] org.apache.catalina.startup.VersionLoggerListener.log Command line argument: -Djava.util.logging.manager=org.apache.juli.ClassLoaderLogManager
03-May-2021 18:17:04.705 INFO [main] org.apache.catalina.startup.VersionLoggerListener.log Command line argument: -Djdk.tls.ephemeralDHKeySize=2048
03-May-2021 18:17:04.705 INFO [main] org.apache.catalina.startup.VersionLoggerListener.log Command line argument: -Djava.protocol.handler.pkgs=org.apache.catalina.webresources
03-May-2021 18:17:04.705 INFO [main] org.apache.catalina.startup.VersionLoggerListener.log Command line argument: -Dorg.apache.catalina.security.SecurityListener.UMASK=0027
03-May-2021 18:17:04.705 INFO [main] org.apache.catalina.startup.VersionLoggerListener.log Command line argument: -Dignore.endorsed.dirs=
03-May-2021 18:17:04.705 INFO [main] org.apache.catalina.startup.VersionLoggerListener.log Command line argument: -Dcatalina.base=I:/21Spring/COMP4321/Project/Final_Version/After/apache-tomcat-10.0.5_group11
03-May-2021 18:17:04.706 INFO [main] org.apache.catalina.startup.VersionLoggerListener.log Command line argument: -Dcatalina.home=I:/21Spring/COMP4321/Project/Final_Version/After/apache-tomcat-10.0.5_group11
03-May-2021 18:17:04.706 INFO [main] org.apache.catalina.startup.VersionLoggerListener.log Command line argument: -Djava.io.tmpdir=I:/21Spring/COMP4321/Project/Final_Version/After/apache-tomcat-10.0.5_group11/temp
03-May-2021 18:17:04.714 INFO [main] org.apache.catalina.core.AprLifecycleListener.lifecycleEvent The Apache Tomcat Native library which allows using OpenSSL was not found on the java.library.path: [C:\Program Files\Java\jdk-14.0.2\bin;C:\WINDOWS\Sun\Java\bin;C:\WINDOWS\system32;C:\WINDOWS;C:\Users\Gary\bin;C:\Program Files\Git\mingw64\bin;C:\Program Files\Git\usr\local\bin;C:\Program Files\Git\usr\bin;C:\Program Files\Git\usr\bin;C:\Program Files\Git\mingw64\bin;C:\Program Files\Git\usr\bin;C:\Users\Gary\bin;C:\Program Files\NVIDIA GPU Computing Toolkit\CUDA\v11.2\bin;C:\Program Files\NVIDIA GPU Computing Toolkit\CUDA\v11.2\libnvvp;C:\app\Gary\product\18.0.0\dbhomeXE\bin;C:\Python39\Scripts;C:\Python39;C:\WINDOWS\system32;C:\WINDOWS;C:\WINDOWS\System32\Wbem;C:\WINDOWS\System32\WindowsPowerShell\v1.0;C:\WINDOWS\System32\OpenSSH;C:\xampp\php;C:\ProgramData\ComposerSetup\bin;C:\Program Files\PuTTY;C:\Program Files\Git\cmd;C:\Program Files\Git\mingw64\bin;C:\Program Files\Git\usr\bin;C:\Program Files\nodejs;C:\ProgramData\chocolatey\bin;C:\Users\Gary\AppData\Roaming\npm;C:\Program Files (x86)\Pulse Secure\VC142.CRT\X64;C:\Program Files (x86)\Pulse Secure\VC142.CRT\X86;C:\Program Files (x86)\NetSarang\Xshell 7;C:\Program Files\NVIDIA Corporation\Nsight Compute 2020.3.1;C:\Program Files (x86)\NVIDIA Corporation\PhysX\Common;C:\Program Files\NVIDIA Corporation\NVIDIA NvDLISR;C:\Users\Gary\AppData\Local\Programs\Python\Python38-32\Scripts;C:\Users\Gary\AppData\Local\Programs\Python\Python38-32;C:\Users\Gary\AppData\Local\Microsoft\WindowsApps;C:\Users\Gary\AppData\Roaming\Composer\vendor\bin;C:\Program Files\Java\jdk-14.0.2\bin;C:\MinGW\bin;C:\Users\Gary\AppData\Local\Programs\Microsoft VS Code\bin;C:\Users\Gary\AppData\Roaming\npm;C:\Program Files\MongoDB\Server\4.4\bin;C:\Program Files\Git\usr\bin\vendor_perl;C:\Program Files\Git\usr\bin\core_perl;.]
03-May-2021 18:17:04.983 INFO [main] org.apache.coyote.AbstractProtocol.init Initializing ProtocolHandler ["http-nio-8080"]
03-May-2021 18:17:05.004 INFO [main] org.apache.catalina.startup.Catalina.load Server initialization in [483] milliseconds
03-May-2021 18:17:05.038 INFO [main] org.apache.catalina.core.StandardService.startInternal Starting service [Catalina]
03-May-2021 18:17:05.038 INFO [main] org.apache.catalina.core.StandardEngine.startInternal Starting Servlet engine: [Apache Tomcat/10.0.5]
03-May-2021 18:17:05.046 INFO [main] org.apache.catalina.startup.HostConfig.deployDirectory Deploying web application directory [I:\21Spring\COMP4321\Project\Final_Version\After\apache-tomcat-10.0.5_group11\webapps\docs]
03-May-2021 18:17:05.337 INFO [main] org.apache.catalina.startup.HostConfig.deployDirectory Deployment of web application directory [I:\21Spring\COMP4321\Project\Final_Version\After\apache-tomcat-10.0.5_group11\webapps\docs] has finished in [290] ms
03-May-2021 18:17:05.337 INFO [main] org.apache.catalina.startup.HostConfig.deployDirectory Deploying web application directory [I:\21Spring\COMP4321\Project\Final_Version\After\apache-tomcat-10.0.5_group11\webapps\example]
03-May-2021 18:17:05.540 INFO [main] org.apache.jasper.servlet.TldScanner.scanJars At least one JAR was scanned for TLDs yet contained no TLDs. Enable debug logging for this logger for a complete list of JARs that were scanned but no TLDs were found in them. Skipping unneeded JARs during scanning can improve startup time and JSP compilation time.
03-May-2021 18:17:05.548 INFO [main] org.apache.catalina.startup.HostConfig.deployDirectory Deployment of web application directory [I:\21Spring\COMP4321\Project\Final_Version\After\apache-tomcat-10.0.5_group11\webapps\example] has finished in [211] ms
03-May-2021 18:17:05.548 INFO [main] org.apache.catalina.startup.HostConfig.deployDirectory Deploying web application directory [I:\21Spring\COMP4321\Project\Final_Version\After\apache-tomcat-10.0.5_group11\webapps\examples]
03-May-2021 18:17:05.865 INFO [main] org.apache.catalina.startup.HostConfig.deployDirectory Deployment of web application directory [I:\21Spring\COMP4321\Project\Final_Version\After\apache-tomcat-10.0.5_group11\webapps\examples] has finished in [317] ms
03-May-2021 18:17:05.865 INFO [main] org.apache.catalina.startup.HostConfig.deployDirectory Deploying web application directory [I:\21Spring\COMP4321\Project\Final_Version\After\apache-tomcat-10.0.5_group11\webapps\host-manager]
03-May-2021 18:17:05.905 INFO [main] org.apache.catalina.startup.HostConfig.deployDirectory Deployment of web application directory [I:\21Spring\COMP4321\Project\Final_Version\After\apache-tomcat-10.0.5_group11\webapps\host-manager] has finished in [40] ms
03-May-2021 18:17:05.905 INFO [main] org.apache.catalina.startup.HostConfig.deployDirectory Deploying web application directory [I:\21Spring\COMP4321\Project\Final_Version\After\apache-tomcat-10.0.5_group11\webapps\manager]
03-May-2021 18:17:05.936 INFO [main] org.apache.catalina.startup.HostConfig.deployDirectory Deployment of web application directory [I:\21Spring\COMP4321\Project\Final_Version\After\apache-tomcat-10.0.5_group11\webapps\manager] has finished in [31] ms
03-May-2021 18:17:05.937 INFO [main] org.apache.catalina.startup.HostConfig.deployDirectory Deploying web application directory [I:\21Spring\COMP4321\Project\Final_Version\After\apache-tomcat-10.0.5_group11\webapps\ROOT]
03-May-2021 18:17:05.959 INFO [main] org.apache.catalina.startup.HostConfig.deployDirectory Deployment of web application directory [I:\21Spring\COMP4321\Project\Final_Version\After\apache-tomcat-10.0.5_group11\webapps\ROOT] has finished in [22] ms
03-May-2021 18:17:05.962 INFO [main] org.apache.coyote.AbstractProtocol.start Starting ProtocolHandler ["http-nio-8080"]
03-May-2021 18:17:06.005 INFO [main] org.apache.catalina.startup.Catalina.start Server startup in [1000] milliseconds
03-May-2021 18:18:01.710 INFO [main] org.apache.catalina.core.StandardServer.await A valid shutdown command was received via the shutdown port. Stopping the Server instance.
03-May-2021 18:18:01.711 INFO [main] org.apache.coyote.AbstractProtocol.pause Pausing ProtocolHandler ["http-nio-8080"]
03-May-2021 18:18:01.727 INFO [main] org.apache.catalina.core.StandardService.stopInternal Stopping service [Catalina]
03-May-2021 18:18:01.748 INFO [main] org.apache.coyote.AbstractProtocol.stop Stopping ProtocolHandler ["http-nio-8080"]
03-May-2021 18:18:01.773 INFO [main] org.apache.coyote.AbstractProtocol.destroy Destroying ProtocolHandler ["http-nio-8080"]
03-May-2021 18:18:54.854 INFO [main] org.apache.catalina.startup.VersionLoggerListener.log Server version name:   Apache Tomcat/10.0.5
03-May-2021 18:18:54.857 INFO [main] org.apache.catalina.startup.VersionLoggerListener.log Server built:          Mar 30 2021 08:19:50 UTC
03-May-2021 18:18:54.857 INFO [main] org.apache.catalina.startup.VersionLoggerListener.log Server version number: 10.0.5.0
03-May-2021 18:18:54.857 INFO [main] org.apache.catalina.startup.VersionLoggerListener.log OS Name:               Windows 10
03-May-2021 18:18:54.857 INFO [main] org.apache.catalina.startup.VersionLoggerListener.log OS Version:            10.0
03-May-2021 18:18:54.857 INFO [main] org.apache.catalina.startup.VersionLoggerListener.log Architecture:          amd64
03-May-2021 18:18:54.857 INFO [main] org.apache.catalina.startup.VersionLoggerListener.log Java Home:             C:\Program Files\Java\jdk-14.0.2
03-May-2021 18:18:54.858 INFO [main] org.apache.catalina.startup.VersionLoggerListener.log JVM Version:           14.0.2+12-46
03-May-2021 18:18:54.858 INFO [main] org.apache.catalina.startup.VersionLoggerListener.log JVM Vendor:            Oracle Corporation
03-May-2021 18:18:54.858 INFO [main] org.apache.catalina.startup.VersionLoggerListener.log CATALINA_BASE:         I:\21Spring\COMP4321\Project\Final_Version\After\apache-tomcat-10.0.5_group11
03-May-2021 18:18:54.858 INFO [main] org.apache.catalina.startup.VersionLoggerListener.log CATALINA_HOME:         I:\21Spring\COMP4321\Project\Final_Version\After\apache-tomcat-10.0.5_group11
03-May-2021 18:18:54.871 INFO [main] org.apache.catalina.startup.VersionLoggerListener.log Command line argument: --add-opens=java.base/java.lang=ALL-UNNAMED
03-May-2021 18:18:54.871 INFO [main] org.apache.catalina.startup.VersionLoggerListener.log Command line argument: --add-opens=java.base/java.io=ALL-UNNAMED
03-May-2021 18:18:54.871 INFO [main] org.apache.catalina.startup.VersionLoggerListener.log Command line argument: --add-opens=java.base/java.util=ALL-UNNAMED
03-May-2021 18:18:54.871 INFO [main] org.apache.catalina.startup.VersionLoggerListener.log Command line argument: --add-opens=java.base/java.util.concurrent=ALL-UNNAMED
03-May-2021 18:18:54.871 INFO [main] org.apache.catalina.startup.VersionLoggerListener.log Command line argument: --add-opens=java.rmi/sun.rmi.transport=ALL-UNNAMED
03-May-2021 18:18:54.872 INFO [main] org.apache.catalina.startup.VersionLoggerListener.log Command line argument: -Djava.util.logging.config.file=I:/21Spring/COMP4321/Project/Final_Version/After/apache-tomcat-10.0.5_group11/conf/logging.properties
03-May-2021 18:18:54.872 INFO [main] org.apache.catalina.startup.VersionLoggerListener.log Command line argument: -Djava.util.logging.manager=org.apache.juli.ClassLoaderLogManager
03-May-2021 18:18:54.872 INFO [main] org.apache.catalina.startup.VersionLoggerListener.log Command line argument: -Djdk.tls.ephemeralDHKeySize=2048
03-May-2021 18:18:54.872 INFO [main] org.apache.catalina.startup.VersionLoggerListener.log Command line argument: -Djava.protocol.handler.pkgs=org.apache.catalina.webresources
03-May-2021 18:18:54.872 INFO [main] org.apache.catalina.startup.VersionLoggerListener.log Command line argument: -Dorg.apache.catalina.security.SecurityListener.UMASK=0027
03-May-2021 18:18:54.872 INFO [main] org.apache.catalina.startup.VersionLoggerListener.log Command line argument: -Dignore.endorsed.dirs=
03-May-2021 18:18:54.872 INFO [main] org.apache.catalina.startup.VersionLoggerListener.log Command line argument: -Dcatalina.base=I:/21Spring/COMP4321/Project/Final_Version/After/apache-tomcat-10.0.5_group11
03-May-2021 18:18:54.872 INFO [main] org.apache.catalina.startup.VersionLoggerListener.log Command line argument: -Dcatalina.home=I:/21Spring/COMP4321/Project/Final_Version/After/apache-tomcat-10.0.5_group11
03-May-2021 18:18:54.872 INFO [main] org.apache.catalina.startup.VersionLoggerListener.log Command line argument: -Djava.io.tmpdir=I:/21Spring/COMP4321/Project/Final_Version/After/apache-tomcat-10.0.5_group11/temp
03-May-2021 18:18:54.880 INFO [main] org.apache.catalina.core.AprLifecycleListener.lifecycleEvent The Apache Tomcat Native library which allows using OpenSSL was not found on the java.library.path: [C:\Program Files\Java\jdk-14.0.2\bin;C:\WINDOWS\Sun\Java\bin;C:\WINDOWS\system32;C:\WINDOWS;C:\Users\Gary\bin;C:\Program Files\Git\mingw64\bin;C:\Program Files\Git\usr\local\bin;C:\Program Files\Git\usr\bin;C:\Program Files\Git\usr\bin;C:\Program Files\Git\mingw64\bin;C:\Program Files\Git\usr\bin;C:\Users\Gary\bin;C:\Program Files\NVIDIA GPU Computing Toolkit\CUDA\v11.2\bin;C:\Program Files\NVIDIA GPU Computing Toolkit\CUDA\v11.2\libnvvp;C:\app\Gary\product\18.0.0\dbhomeXE\bin;C:\Python39\Scripts;C:\Python39;C:\WINDOWS\system32;C:\WINDOWS;C:\WINDOWS\System32\Wbem;C:\WINDOWS\System32\WindowsPowerShell\v1.0;C:\WINDOWS\System32\OpenSSH;C:\xampp\php;C:\ProgramData\ComposerSetup\bin;C:\Program Files\PuTTY;C:\Program Files\Git\cmd;C:\Program Files\Git\mingw64\bin;C:\Program Files\Git\usr\bin;C:\Program Files\nodejs;C:\ProgramData\chocolatey\bin;C:\Users\Gary\AppData\Roaming\npm;C:\Program Files (x86)\Pulse Secure\VC142.CRT\X64;C:\Program Files (x86)\Pulse Secure\VC142.CRT\X86;C:\Program Files (x86)\NetSarang\Xshell 7;C:\Program Files\NVIDIA Corporation\Nsight Compute 2020.3.1;C:\Program Files (x86)\NVIDIA Corporation\PhysX\Common;C:\Program Files\NVIDIA Corporation\NVIDIA NvDLISR;C:\Users\Gary\AppData\Local\Programs\Python\Python38-32\Scripts;C:\Users\Gary\AppData\Local\Programs\Python\Python38-32;C:\Users\Gary\AppData\Local\Microsoft\WindowsApps;C:\Users\Gary\AppData\Roaming\Composer\vendor\bin;C:\Program Files\Java\jdk-14.0.2\bin;C:\MinGW\bin;C:\Users\Gary\AppData\Local\Programs\Microsoft VS Code\bin;C:\Users\Gary\AppData\Roaming\npm;C:\Program Files\MongoDB\Server\4.4\bin;C:\Program Files\Git\usr\bin\vendor_perl;C:\Program Files\Git\usr\bin\core_perl;.]
03-May-2021 18:18:55.168 INFO [main] org.apache.coyote.AbstractProtocol.init Initializing ProtocolHandler ["http-nio-8080"]
03-May-2021 18:18:55.192 INFO [main] org.apache.catalina.startup.Catalina.load Server initialization in [535] milliseconds
03-May-2021 18:18:55.224 INFO [main] org.apache.catalina.core.StandardService.startInternal Starting service [Catalina]
03-May-2021 18:18:55.224 INFO [main] org.apache.catalina.core.StandardEngine.startInternal Starting Servlet engine: [Apache Tomcat/10.0.5]
03-May-2021 18:18:55.232 INFO [main] org.apache.catalina.startup.HostConfig.deployDirectory Deploying web application directory [I:\21Spring\COMP4321\Project\Final_Version\After\apache-tomcat-10.0.5_group11\webapps\docs]
03-May-2021 18:18:55.472 INFO [main] org.apache.catalina.startup.HostConfig.deployDirectory Deployment of web application directory [I:\21Spring\COMP4321\Project\Final_Version\After\apache-tomcat-10.0.5_group11\webapps\docs] has finished in [239] ms
03-May-2021 18:18:55.472 INFO [main] org.apache.catalina.startup.HostConfig.deployDirectory Deploying web application directory [I:\21Spring\COMP4321\Project\Final_Version\After\apache-tomcat-10.0.5_group11\webapps\example]
03-May-2021 18:18:55.640 INFO [main] org.apache.jasper.servlet.TldScanner.scanJars At least one JAR was scanned for TLDs yet contained no TLDs. Enable debug logging for this logger for a complete list of JARs that were scanned but no TLDs were found in them. Skipping unneeded JARs during scanning can improve startup time and JSP compilation time.
03-May-2021 18:18:55.648 INFO [main] org.apache.catalina.startup.HostConfig.deployDirectory Deployment of web application directory [I:\21Spring\COMP4321\Project\Final_Version\After\apache-tomcat-10.0.5_group11\webapps\example] has finished in [175] ms
03-May-2021 18:18:55.648 INFO [main] org.apache.catalina.startup.HostConfig.deployDirectory Deploying web application directory [I:\21Spring\COMP4321\Project\Final_Version\After\apache-tomcat-10.0.5_group11\webapps\examples]
03-May-2021 18:18:55.966 INFO [main] org.apache.catalina.startup.HostConfig.deployDirectory Deployment of web application directory [I:\21Spring\COMP4321\Project\Final_Version\After\apache-tomcat-10.0.5_group11\webapps\examples] has finished in [318] ms
03-May-2021 18:18:55.966 INFO [main] org.apache.catalina.startup.HostConfig.deployDirectory Deploying web application directory [I:\21Spring\COMP4321\Project\Final_Version\After\apache-tomcat-10.0.5_group11\webapps\host-manager]
03-May-2021 18:18:55.999 INFO [main] org.apache.catalina.startup.HostConfig.deployDirectory Deployment of web application directory [I:\21Spring\COMP4321\Project\Final_Version\After\apache-tomcat-10.0.5_group11\webapps\host-manager] has finished in [32] ms
03-May-2021 18:18:55.999 INFO [main] org.apache.catalina.startup.HostConfig.deployDirectory Deploying web application directory [I:\21Spring\COMP4321\Project\Final_Version\After\apache-tomcat-10.0.5_group11\webapps\manager]
03-May-2021 18:18:56.027 INFO [main] org.apache.catalina.startup.HostConfig.deployDirectory Deployment of web application directory [I:\21Spring\COMP4321\Project\Final_Version\After\apache-tomcat-10.0.5_group11\webapps\manager] has finished in [27] ms
03-May-2021 18:18:56.027 INFO [main] org.apache.catalina.startup.HostConfig.deployDirectory Deploying web application directory [I:\21Spring\COMP4321\Project\Final_Version\After\apache-tomcat-10.0.5_group11\webapps\ROOT]
03-May-2021 18:18:56.049 INFO [main] org.apache.catalina.startup.HostConfig.deployDirectory Deployment of web application directory [I:\21Spring\COMP4321\Project\Final_Version\After\apache-tomcat-10.0.5_group11\webapps\ROOT] has finished in [22] ms
03-May-2021 18:18:56.053 INFO [main] org.apache.coyote.AbstractProtocol.start Starting ProtocolHandler ["http-nio-8080"]
03-May-2021 18:18:56.098 INFO [main] org.apache.catalina.startup.Catalina.start Server startup in [906] milliseconds
03-May-2021 18:21:51.510 INFO [main] org.apache.catalina.core.StandardServer.await A valid shutdown command was received via the shutdown port. Stopping the Server instance.
03-May-2021 18:21:51.511 INFO [main] org.apache.coyote.AbstractProtocol.pause Pausing ProtocolHandler ["http-nio-8080"]
03-May-2021 18:21:51.538 INFO [main] org.apache.catalina.core.StandardService.stopInternal Stopping service [Catalina]
03-May-2021 18:21:51.562 INFO [main] org.apache.coyote.AbstractProtocol.stop Stopping ProtocolHandler ["http-nio-8080"]
03-May-2021 18:21:51.586 INFO [main] org.apache.coyote.AbstractProtocol.destroy Destroying ProtocolHandler ["http-nio-8080"]
03-May-2021 18:22:23.890 INFO [main] org.apache.catalina.startup.VersionLoggerListener.log Server version name:   Apache Tomcat/10.0.5
03-May-2021 18:22:23.893 INFO [main] org.apache.catalina.startup.VersionLoggerListener.log Server built:          Mar 30 2021 08:19:50 UTC
03-May-2021 18:22:23.894 INFO [main] org.apache.catalina.startup.VersionLoggerListener.log Server version number: 10.0.5.0
03-May-2021 18:22:23.894 INFO [main] org.apache.catalina.startup.VersionLoggerListener.log OS Name:               Windows 10
03-May-2021 18:22:23.894 INFO [main] org.apache.catalina.startup.VersionLoggerListener.log OS Version:            10.0
03-May-2021 18:22:23.894 INFO [main] org.apache.catalina.startup.VersionLoggerListener.log Architecture:          amd64
03-May-2021 18:22:23.894 INFO [main] org.apache.catalina.startup.VersionLoggerListener.log Java Home:             C:\Program Files\Java\jdk-14.0.2
03-May-2021 18:22:23.894 INFO [main] org.apache.catalina.startup.VersionLoggerListener.log JVM Version:           14.0.2+12-46
03-May-2021 18:22:23.894 INFO [main] org.apache.catalina.startup.VersionLoggerListener.log JVM Vendor:            Oracle Corporation
03-May-2021 18:22:23.894 INFO [main] org.apache.catalina.startup.VersionLoggerListener.log CATALINA_BASE:         I:\21Spring\COMP4321\Project\Final_Version\After\apache-tomcat-10.0.5_group11
03-May-2021 18:22:23.894 INFO [main] org.apache.catalina.startup.VersionLoggerListener.log CATALINA_HOME:         I:\21Spring\COMP4321\Project\Final_Version\After\apache-tomcat-10.0.5_group11
03-May-2021 18:22:23.906 INFO [main] org.apache.catalina.startup.VersionLoggerListener.log Command line argument: --add-opens=java.base/java.lang=ALL-UNNAMED
03-May-2021 18:22:23.906 INFO [main] org.apache.catalina.startup.VersionLoggerListener.log Command line argument: --add-opens=java.base/java.io=ALL-UNNAMED
03-May-2021 18:22:23.907 INFO [main] org.apache.catalina.startup.VersionLoggerListener.log Command line argument: --add-opens=java.base/java.util=ALL-UNNAMED
03-May-2021 18:22:23.907 INFO [main] org.apache.catalina.startup.VersionLoggerListener.log Command line argument: --add-opens=java.base/java.util.concurrent=ALL-UNNAMED
03-May-2021 18:22:23.907 INFO [main] org.apache.catalina.startup.VersionLoggerListener.log Command line argument: --add-opens=java.rmi/sun.rmi.transport=ALL-UNNAMED
03-May-2021 18:22:23.907 INFO [main] org.apache.catalina.startup.VersionLoggerListener.log Command line argument: -Djava.util.logging.config.file=I:/21Spring/COMP4321/Project/Final_Version/After/apache-tomcat-10.0.5_group11/conf/logging.properties
03-May-2021 18:22:23.907 INFO [main] org.apache.catalina.startup.VersionLoggerListener.log Command line argument: -Djava.util.logging.manager=org.apache.juli.ClassLoaderLogManager
03-May-2021 18:22:23.907 INFO [main] org.apache.catalina.startup.VersionLoggerListener.log Command line argument: -Djdk.tls.ephemeralDHKeySize=2048
03-May-2021 18:22:23.907 INFO [main] org.apache.catalina.startup.VersionLoggerListener.log Command line argument: -Djava.protocol.handler.pkgs=org.apache.catalina.webresources
03-May-2021 18:22:23.907 INFO [main] org.apache.catalina.startup.VersionLoggerListener.log Command line argument: -Dorg.apache.catalina.security.SecurityListener.UMASK=0027
03-May-2021 18:22:23.907 INFO [main] org.apache.catalina.startup.VersionLoggerListener.log Command line argument: -Dignore.endorsed.dirs=
03-May-2021 18:22:23.907 INFO [main] org.apache.catalina.startup.VersionLoggerListener.log Command line argument: -Dcatalina.base=I:/21Spring/COMP4321/Project/Final_Version/After/apache-tomcat-10.0.5_group11
03-May-2021 18:22:23.908 INFO [main] org.apache.catalina.startup.VersionLoggerListener.log Command line argument: -Dcatalina.home=I:/21Spring/COMP4321/Project/Final_Version/After/apache-tomcat-10.0.5_group11
03-May-2021 18:22:23.908 INFO [main] org.apache.catalina.startup.VersionLoggerListener.log Command line argument: -Djava.io.tmpdir=I:/21Spring/COMP4321/Project/Final_Version/After/apache-tomcat-10.0.5_group11/temp
03-May-2021 18:22:23.915 INFO [main] org.apache.catalina.core.AprLifecycleListener.lifecycleEvent The Apache Tomcat Native library which allows using OpenSSL was not found on the java.library.path: [C:\Program Files\Java\jdk-14.0.2\bin;C:\WINDOWS\Sun\Java\bin;C:\WINDOWS\system32;C:\WINDOWS;C:\Users\Gary\bin;C:\Program Files\Git\mingw64\bin;C:\Program Files\Git\usr\local\bin;C:\Program Files\Git\usr\bin;C:\Program Files\Git\usr\bin;C:\Program Files\Git\mingw64\bin;C:\Program Files\Git\usr\bin;C:\Users\Gary\bin;C:\Program Files\NVIDIA GPU Computing Toolkit\CUDA\v11.2\bin;C:\Program Files\NVIDIA GPU Computing Toolkit\CUDA\v11.2\libnvvp;C:\app\Gary\product\18.0.0\dbhomeXE\bin;C:\Python39\Scripts;C:\Python39;C:\WINDOWS\system32;C:\WINDOWS;C:\WINDOWS\System32\Wbem;C:\WINDOWS\System32\WindowsPowerShell\v1.0;C:\WINDOWS\System32\OpenSSH;C:\xampp\php;C:\ProgramData\ComposerSetup\bin;C:\Program Files\PuTTY;C:\Program Files\Git\cmd;C:\Program Files\Git\mingw64\bin;C:\Program Files\Git\usr\bin;C:\Program Files\nodejs;C:\ProgramData\chocolatey\bin;C:\Users\Gary\AppData\Roaming\npm;C:\Program Files (x86)\Pulse Secure\VC142.CRT\X64;C:\Program Files (x86)\Pulse Secure\VC142.CRT\X86;C:\Program Files (x86)\NetSarang\Xshell 7;C:\Program Files\NVIDIA Corporation\Nsight Compute 2020.3.1;C:\Program Files (x86)\NVIDIA Corporation\PhysX\Common;C:\Program Files\NVIDIA Corporation\NVIDIA NvDLISR;C:\Users\Gary\AppData\Local\Programs\Python\Python38-32\Scripts;C:\Users\Gary\AppData\Local\Programs\Python\Python38-32;C:\Users\Gary\AppData\Local\Microsoft\WindowsApps;C:\Users\Gary\AppData\Roaming\Composer\vendor\bin;C:\Program Files\Java\jdk-14.0.2\bin;C:\MinGW\bin;C:\Users\Gary\AppData\Local\Programs\Microsoft VS Code\bin;C:\Users\Gary\AppData\Roaming\npm;C:\Program Files\MongoDB\Server\4.4\bin;C:\Program Files\Git\usr\bin\vendor_perl;C:\Program Files\Git\usr\bin\core_perl;.]
03-May-2021 18:22:24.211 INFO [main] org.apache.coyote.AbstractProtocol.init Initializing ProtocolHandler ["http-nio-8080"]
03-May-2021 18:22:24.240 INFO [main] org.apache.catalina.startup.Catalina.load Server initialization in [526] milliseconds
03-May-2021 18:22:24.281 INFO [main] org.apache.catalina.core.StandardService.startInternal Starting service [Catalina]
03-May-2021 18:22:24.282 INFO [main] org.apache.catalina.core.StandardEngine.startInternal Starting Servlet engine: [Apache Tomcat/10.0.5]
03-May-2021 18:22:24.291 INFO [main] org.apache.catalina.startup.HostConfig.deployDirectory Deploying web application directory [I:\21Spring\COMP4321\Project\Final_Version\After\apache-tomcat-10.0.5_group11\webapps\docs]
03-May-2021 18:22:24.574 INFO [main] org.apache.catalina.startup.HostConfig.deployDirectory Deployment of web application directory [I:\21Spring\COMP4321\Project\Final_Version\After\apache-tomcat-10.0.5_group11\webapps\docs] has finished in [283] ms
03-May-2021 18:22:24.574 INFO [main] org.apache.catalina.startup.HostConfig.deployDirectory Deploying web application directory [I:\21Spring\COMP4321\Project\Final_Version\After\apache-tomcat-10.0.5_group11\webapps\example]
03-May-2021 18:22:24.736 INFO [main] org.apache.jasper.servlet.TldScanner.scanJars At least one JAR was scanned for TLDs yet contained no TLDs. Enable debug logging for this logger for a complete list of JARs that were scanned but no TLDs were found in them. Skipping unneeded JARs during scanning can improve startup time and JSP compilation time.
03-May-2021 18:22:24.747 INFO [main] org.apache.catalina.startup.HostConfig.deployDirectory Deployment of web application directory [I:\21Spring\COMP4321\Project\Final_Version\After\apache-tomcat-10.0.5_group11\webapps\example] has finished in [172] ms
03-May-2021 18:22:24.747 INFO [main] org.apache.catalina.startup.HostConfig.deployDirectory Deploying web application directory [I:\21Spring\COMP4321\Project\Final_Version\After\apache-tomcat-10.0.5_group11\webapps\examples]
03-May-2021 18:22:25.111 INFO [main] org.apache.catalina.startup.HostConfig.deployDirectory Deployment of web application directory [I:\21Spring\COMP4321\Project\Final_Version\After\apache-tomcat-10.0.5_group11\webapps\examples] has finished in [364] ms
03-May-2021 18:22:25.111 INFO [main] org.apache.catalina.startup.HostConfig.deployDirectory Deploying web application directory [I:\21Spring\COMP4321\Project\Final_Version\After\apache-tomcat-10.0.5_group11\webapps\host-manager]
03-May-2021 18:22:25.147 INFO [main] org.apache.catalina.startup.HostConfig.deployDirectory Deployment of web application directory [I:\21Spring\COMP4321\Project\Final_Version\After\apache-tomcat-10.0.5_group11\webapps\host-manager] has finished in [36] ms
03-May-2021 18:22:25.147 INFO [main] org.apache.catalina.startup.HostConfig.deployDirectory Deploying web application directory [I:\21Spring\COMP4321\Project\Final_Version\After\apache-tomcat-10.0.5_group11\webapps\manager]
03-May-2021 18:22:25.175 INFO [main] org.apache.catalina.startup.HostConfig.deployDirectory Deployment of web application directory [I:\21Spring\COMP4321\Project\Final_Version\After\apache-tomcat-10.0.5_group11\webapps\manager] has finished in [28] ms
03-May-2021 18:22:25.176 INFO [main] org.apache.catalina.startup.HostConfig.deployDirectory Deploying web application directory [I:\21Spring\COMP4321\Project\Final_Version\After\apache-tomcat-10.0.5_group11\webapps\ROOT]
03-May-2021 18:22:25.200 INFO [main] org.apache.catalina.startup.HostConfig.deployDirectory Deployment of web application directory [I:\21Spring\COMP4321\Project\Final_Version\After\apache-tomcat-10.0.5_group11\webapps\ROOT] has finished in [25] ms
03-May-2021 18:22:25.204 INFO [main] org.apache.coyote.AbstractProtocol.start Starting ProtocolHandler ["http-nio-8080"]
03-May-2021 18:22:25.249 INFO [main] org.apache.catalina.startup.Catalina.start Server startup in [1009] milliseconds
03-May-2021 19:03:07.586 INFO [main] org.apache.catalina.core.StandardServer.await A valid shutdown command was received via the shutdown port. Stopping the Server instance.
03-May-2021 19:03:07.587 INFO [main] org.apache.coyote.AbstractProtocol.pause Pausing ProtocolHandler ["http-nio-8080"]
03-May-2021 19:03:07.604 INFO [main] org.apache.catalina.core.StandardService.stopInternal Stopping service [Catalina]
03-May-2021 19:03:07.623 INFO [main] org.apache.coyote.AbstractProtocol.stop Stopping ProtocolHandler ["http-nio-8080"]
03-May-2021 19:03:07.651 INFO [main] org.apache.coyote.AbstractProtocol.destroy Destroying ProtocolHandler ["http-nio-8080"]
03-May-2021 19:04:00.169 INFO [main] org.apache.catalina.startup.VersionLoggerListener.log Server version name:   Apache Tomcat/10.0.5
03-May-2021 19:04:00.172 INFO [main] org.apache.catalina.startup.VersionLoggerListener.log Server built:          Mar 30 2021 08:19:50 UTC
03-May-2021 19:04:00.172 INFO [main] org.apache.catalina.startup.VersionLoggerListener.log Server version number: 10.0.5.0
03-May-2021 19:04:00.172 INFO [main] org.apache.catalina.startup.VersionLoggerListener.log OS Name:               Windows 10
03-May-2021 19:04:00.172 INFO [main] org.apache.catalina.startup.VersionLoggerListener.log OS Version:            10.0
03-May-2021 19:04:00.172 INFO [main] org.apache.catalina.startup.VersionLoggerListener.log Architecture:          amd64
03-May-2021 19:04:00.172 INFO [main] org.apache.catalina.startup.VersionLoggerListener.log Java Home:             C:\Program Files\Java\jdk-14.0.2
03-May-2021 19:04:00.173 INFO [main] org.apache.catalina.startup.VersionLoggerListener.log JVM Version:           14.0.2+12-46
03-May-2021 19:04:00.173 INFO [main] org.apache.catalina.startup.VersionLoggerListener.log JVM Vendor:            Oracle Corporation
03-May-2021 19:04:00.173 INFO [main] org.apache.catalina.startup.VersionLoggerListener.log CATALINA_BASE:         I:\21Spring\COMP4321\Project\Final_Version\After\apache-tomcat-10.0.5_group11
03-May-2021 19:04:00.173 INFO [main] org.apache.catalina.startup.VersionLoggerListener.log CATALINA_HOME:         I:\21Spring\COMP4321\Project\Final_Version\After\apache-tomcat-10.0.5_group11
03-May-2021 19:04:00.184 INFO [main] org.apache.catalina.startup.VersionLoggerListener.log Command line argument: --add-opens=java.base/java.lang=ALL-UNNAMED
03-May-2021 19:04:00.185 INFO [main] org.apache.catalina.startup.VersionLoggerListener.log Command line argument: --add-opens=java.base/java.io=ALL-UNNAMED
03-May-2021 19:04:00.185 INFO [main] org.apache.catalina.startup.VersionLoggerListener.log Command line argument: --add-opens=java.base/java.util=ALL-UNNAMED
03-May-2021 19:04:00.185 INFO [main] org.apache.catalina.startup.VersionLoggerListener.log Command line argument: --add-opens=java.base/java.util.concurrent=ALL-UNNAMED
03-May-2021 19:04:00.185 INFO [main] org.apache.catalina.startup.VersionLoggerListener.log Command line argument: --add-opens=java.rmi/sun.rmi.transport=ALL-UNNAMED
03-May-2021 19:04:00.185 INFO [main] org.apache.catalina.startup.VersionLoggerListener.log Command line argument: -Djava.util.logging.config.file=I:/21Spring/COMP4321/Project/Final_Version/After/apache-tomcat-10.0.5_group11/conf/logging.properties
03-May-2021 19:04:00.185 INFO [main] org.apache.catalina.startup.VersionLoggerListener.log Command line argument: -Djava.util.logging.manager=org.apache.juli.ClassLoaderLogManager
03-May-2021 19:04:00.185 INFO [main] org.apache.catalina.startup.VersionLoggerListener.log Command line argument: -Djdk.tls.ephemeralDHKeySize=2048
03-May-2021 19:04:00.185 INFO [main] org.apache.catalina.startup.VersionLoggerListener.log Command line argument: -Djava.protocol.handler.pkgs=org.apache.catalina.webresources
03-May-2021 19:04:00.185 INFO [main] org.apache.catalina.startup.VersionLoggerListener.log Command line argument: -Dorg.apache.catalina.security.SecurityListener.UMASK=0027
03-May-2021 19:04:00.185 INFO [main] org.apache.catalina.startup.VersionLoggerListener.log Command line argument: -Dignore.endorsed.dirs=
03-May-2021 19:04:00.185 INFO [main] org.apache.catalina.startup.VersionLoggerListener.log Command line argument: -Dcatalina.base=I:/21Spring/COMP4321/Project/Final_Version/After/apache-tomcat-10.0.5_group11
03-May-2021 19:04:00.185 INFO [main] org.apache.catalina.startup.VersionLoggerListener.log Command line argument: -Dcatalina.home=I:/21Spring/COMP4321/Project/Final_Version/After/apache-tomcat-10.0.5_group11
03-May-2021 19:04:00.186 INFO [main] org.apache.catalina.startup.VersionLoggerListener.log Command line argument: -Djava.io.tmpdir=I:/21Spring/COMP4321/Project/Final_Version/After/apache-tomcat-10.0.5_group11/temp
03-May-2021 19:04:00.194 INFO [main] org.apache.catalina.core.AprLifecycleListener.lifecycleEvent The Apache Tomcat Native library which allows using OpenSSL was not found on the java.library.path: [C:\Program Files\Java\jdk-14.0.2\bin;C:\WINDOWS\Sun\Java\bin;C:\WINDOWS\system32;C:\WINDOWS;C:\Users\Gary\bin;C:\Program Files\Git\mingw64\bin;C:\Program Files\Git\usr\local\bin;C:\Program Files\Git\usr\bin;C:\Program Files\Git\usr\bin;C:\Program Files\Git\mingw64\bin;C:\Program Files\Git\usr\bin;C:\Users\Gary\bin;C:\Program Files\NVIDIA GPU Computing Toolkit\CUDA\v11.2\bin;C:\Program Files\NVIDIA GPU Computing Toolkit\CUDA\v11.2\libnvvp;C:\app\Gary\product\18.0.0\dbhomeXE\bin;C:\Python39\Scripts;C:\Python39;C:\WINDOWS\system32;C:\WINDOWS;C:\WINDOWS\System32\Wbem;C:\WINDOWS\System32\WindowsPowerShell\v1.0;C:\WINDOWS\System32\OpenSSH;C:\xampp\php;C:\ProgramData\ComposerSetup\bin;C:\Program Files\PuTTY;C:\Program Files\Git\cmd;C:\Program Files\Git\mingw64\bin;C:\Program Files\Git\usr\bin;C:\Program Files\nodejs;C:\ProgramData\chocolatey\bin;C:\Users\Gary\AppData\Roaming\npm;C:\Program Files (x86)\Pulse Secure\VC142.CRT\X64;C:\Program Files (x86)\Pulse Secure\VC142.CRT\X86;C:\Program Files (x86)\NetSarang\Xshell 7;C:\Program Files\NVIDIA Corporation\Nsight Compute 2020.3.1;C:\Program Files (x86)\NVIDIA Corporation\PhysX\Common;C:\Program Files\NVIDIA Corporation\NVIDIA NvDLISR;C:\Users\Gary\AppData\Local\Programs\Python\Python38-32\Scripts;C:\Users\Gary\AppData\Local\Programs\Python\Python38-32;C:\Users\Gary\AppData\Local\Microsoft\WindowsApps;C:\Users\Gary\AppData\Roaming\Composer\vendor\bin;C:\Program Files\Java\jdk-14.0.2\bin;C:\MinGW\bin;C:\Users\Gary\AppData\Local\Programs\Microsoft VS Code\bin;C:\Users\Gary\AppData\Roaming\npm;C:\Program Files\MongoDB\Server\4.4\bin;C:\Program Files\Git\usr\bin\vendor_perl;C:\Program Files\Git\usr\bin\core_perl;.]
03-May-2021 19:04:00.446 INFO [main] org.apache.coyote.AbstractProtocol.init Initializing ProtocolHandler ["http-nio-8080"]
03-May-2021 19:04:00.472 INFO [main] org.apache.catalina.startup.Catalina.load Server initialization in [472] milliseconds
03-May-2021 19:04:00.503 INFO [main] org.apache.catalina.core.StandardService.startInternal Starting service [Catalina]
03-May-2021 19:04:00.503 INFO [main] org.apache.catalina.core.StandardEngine.startInternal Starting Servlet engine: [Apache Tomcat/10.0.5]
03-May-2021 19:04:00.511 INFO [main] org.apache.catalina.startup.HostConfig.deployDirectory Deploying web application directory [I:\21Spring\COMP4321\Project\Final_Version\After\apache-tomcat-10.0.5_group11\webapps\docs]
03-May-2021 19:04:00.787 INFO [main] org.apache.catalina.startup.HostConfig.deployDirectory Deployment of web application directory [I:\21Spring\COMP4321\Project\Final_Version\After\apache-tomcat-10.0.5_group11\webapps\docs] has finished in [276] ms
03-May-2021 19:04:00.788 INFO [main] org.apache.catalina.startup.HostConfig.deployDirectory Deploying web application directory [I:\21Spring\COMP4321\Project\Final_Version\After\apache-tomcat-10.0.5_group11\webapps\example]
03-May-2021 19:04:00.938 INFO [main] org.apache.jasper.servlet.TldScanner.scanJars At least one JAR was scanned for TLDs yet contained no TLDs. Enable debug logging for this logger for a complete list of JARs that were scanned but no TLDs were found in them. Skipping unneeded JARs during scanning can improve startup time and JSP compilation time.
03-May-2021 19:04:00.947 INFO [main] org.apache.catalina.startup.HostConfig.deployDirectory Deployment of web application directory [I:\21Spring\COMP4321\Project\Final_Version\After\apache-tomcat-10.0.5_group11\webapps\example] has finished in [159] ms
03-May-2021 19:04:00.948 INFO [main] org.apache.catalina.startup.HostConfig.deployDirectory Deploying web application directory [I:\21Spring\COMP4321\Project\Final_Version\After\apache-tomcat-10.0.5_group11\webapps\examples]
03-May-2021 19:04:01.309 INFO [main] org.apache.catalina.startup.HostConfig.deployDirectory Deployment of web application directory [I:\21Spring\COMP4321\Project\Final_Version\After\apache-tomcat-10.0.5_group11\webapps\examples] has finished in [361] ms
03-May-2021 19:04:01.309 INFO [main] org.apache.catalina.startup.HostConfig.deployDirectory Deploying web application directory [I:\21Spring\COMP4321\Project\Final_Version\After\apache-tomcat-10.0.5_group11\webapps\host-manager]
03-May-2021 19:04:01.342 INFO [main] org.apache.catalina.startup.HostConfig.deployDirectory Deployment of web application directory [I:\21Spring\COMP4321\Project\Final_Version\After\apache-tomcat-10.0.5_group11\webapps\host-manager] has finished in [33] ms
03-May-2021 19:04:01.343 INFO [main] org.apache.catalina.startup.HostConfig.deployDirectory Deploying web application directory [I:\21Spring\COMP4321\Project\Final_Version\After\apache-tomcat-10.0.5_group11\webapps\manager]
03-May-2021 19:04:01.374 INFO [main] org.apache.catalina.startup.HostConfig.deployDirectory Deployment of web application directory [I:\21Spring\COMP4321\Project\Final_Version\After\apache-tomcat-10.0.5_group11\webapps\manager] has finished in [30] ms
03-May-2021 19:04:01.374 INFO [main] org.apache.catalina.startup.HostConfig.deployDirectory Deploying web application directory [I:\21Spring\COMP4321\Project\Final_Version\After\apache-tomcat-10.0.5_group11\webapps\ROOT]
03-May-2021 19:04:01.397 INFO [main] org.apache.catalina.startup.HostConfig.deployDirectory Deployment of web application directory [I:\21Spring\COMP4321\Project\Final_Version\After\apache-tomcat-10.0.5_group11\webapps\ROOT] has finished in [23] ms
03-May-2021 19:04:01.400 INFO [main] org.apache.coyote.AbstractProtocol.start Starting ProtocolHandler ["http-nio-8080"]
03-May-2021 19:04:01.442 INFO [main] org.apache.catalina.startup.Catalina.start Server startup in [969] milliseconds
03-May-2021 20:11:58.661 INFO [main] org.apache.catalina.core.StandardServer.await A valid shutdown command was received via the shutdown port. Stopping the Server instance.
03-May-2021 20:11:58.662 INFO [main] org.apache.coyote.AbstractProtocol.pause Pausing ProtocolHandler ["http-nio-8080"]
03-May-2021 20:11:58.684 INFO [main] org.apache.catalina.core.StandardService.stopInternal Stopping service [Catalina]
03-May-2021 20:11:58.706 INFO [main] org.apache.coyote.AbstractProtocol.stop Stopping ProtocolHandler ["http-nio-8080"]
03-May-2021 20:11:58.731 INFO [main] org.apache.coyote.AbstractProtocol.destroy Destroying ProtocolHandler ["http-nio-8080"]
03-May-2021 20:14:37.736 INFO [main] org.apache.catalina.startup.VersionLoggerListener.log Server version name:   Apache Tomcat/10.0.5
03-May-2021 20:14:37.739 INFO [main] org.apache.catalina.startup.VersionLoggerListener.log Server built:          Mar 30 2021 08:19:50 UTC
03-May-2021 20:14:37.739 INFO [main] org.apache.catalina.startup.VersionLoggerListener.log Server version number: 10.0.5.0
03-May-2021 20:14:37.739 INFO [main] org.apache.catalina.startup.VersionLoggerListener.log OS Name:               Windows 10
03-May-2021 20:14:37.739 INFO [main] org.apache.catalina.startup.VersionLoggerListener.log OS Version:            10.0
03-May-2021 20:14:37.740 INFO [main] org.apache.catalina.startup.VersionLoggerListener.log Architecture:          amd64
03-May-2021 20:14:37.740 INFO [main] org.apache.catalina.startup.VersionLoggerListener.log Java Home:             C:\Program Files\Java\jdk-14.0.2
03-May-2021 20:14:37.740 INFO [main] org.apache.catalina.startup.VersionLoggerListener.log JVM Version:           14.0.2+12-46
03-May-2021 20:14:37.740 INFO [main] org.apache.catalina.startup.VersionLoggerListener.log JVM Vendor:            Oracle Corporation
03-May-2021 20:14:37.740 INFO [main] org.apache.catalina.startup.VersionLoggerListener.log CATALINA_BASE:         I:\21Spring\COMP4321\Project\Final_Version\After\apache-tomcat-10.0.5_group11
03-May-2021 20:14:37.740 INFO [main] org.apache.catalina.startup.VersionLoggerListener.log CATALINA_HOME:         I:\21Spring\COMP4321\Project\Final_Version\After\apache-tomcat-10.0.5_group11
03-May-2021 20:14:37.754 INFO [main] org.apache.catalina.startup.VersionLoggerListener.log Command line argument: --add-opens=java.base/java.lang=ALL-UNNAMED
03-May-2021 20:14:37.754 INFO [main] org.apache.catalina.startup.VersionLoggerListener.log Command line argument: --add-opens=java.base/java.io=ALL-UNNAMED
03-May-2021 20:14:37.754 INFO [main] org.apache.catalina.startup.VersionLoggerListener.log Command line argument: --add-opens=java.base/java.util=ALL-UNNAMED
03-May-2021 20:14:37.754 INFO [main] org.apache.catalina.startup.VersionLoggerListener.log Command line argument: --add-opens=java.base/java.util.concurrent=ALL-UNNAMED
03-May-2021 20:14:37.754 INFO [main] org.apache.catalina.startup.VersionLoggerListener.log Command line argument: --add-opens=java.rmi/sun.rmi.transport=ALL-UNNAMED
03-May-2021 20:14:37.754 INFO [main] org.apache.catalina.startup.VersionLoggerListener.log Command line argument: -Djava.util.logging.config.file=I:/21Spring/COMP4321/Project/Final_Version/After/apache-tomcat-10.0.5_group11/conf/logging.properties
03-May-2021 20:14:37.755 INFO [main] org.apache.catalina.startup.VersionLoggerListener.log Command line argument: -Djava.util.logging.manager=org.apache.juli.ClassLoaderLogManager
03-May-2021 20:14:37.755 INFO [main] org.apache.catalina.startup.VersionLoggerListener.log Command line argument: -Djdk.tls.ephemeralDHKeySize=2048
03-May-2021 20:14:37.755 INFO [main] org.apache.catalina.startup.VersionLoggerListener.log Command line argument: -Djava.protocol.handler.pkgs=org.apache.catalina.webresources
03-May-2021 20:14:37.755 INFO [main] org.apache.catalina.startup.VersionLoggerListener.log Command line argument: -Dorg.apache.catalina.security.SecurityListener.UMASK=0027
03-May-2021 20:14:37.755 INFO [main] org.apache.catalina.startup.VersionLoggerListener.log Command line argument: -Dignore.endorsed.dirs=
03-May-2021 20:14:37.755 INFO [main] org.apache.catalina.startup.VersionLoggerListener.log Command line argument: -Dcatalina.base=I:/21Spring/COMP4321/Project/Final_Version/After/apache-tomcat-10.0.5_group11
03-May-2021 20:14:37.755 INFO [main] org.apache.catalina.startup.VersionLoggerListener.log Command line argument: -Dcatalina.home=I:/21Spring/COMP4321/Project/Final_Version/After/apache-tomcat-10.0.5_group11
03-May-2021 20:14:37.755 INFO [main] org.apache.catalina.startup.VersionLoggerListener.log Command line argument: -Djava.io.tmpdir=I:/21Spring/COMP4321/Project/Final_Version/After/apache-tomcat-10.0.5_group11/temp
03-May-2021 20:14:37.764 INFO [main] org.apache.catalina.core.AprLifecycleListener.lifecycleEvent The Apache Tomcat Native library which allows using OpenSSL was not found on the java.library.path: [C:\Program Files\Java\jdk-14.0.2\bin;C:\WINDOWS\Sun\Java\bin;C:\WINDOWS\system32;C:\WINDOWS;C:\Users\Gary\bin;C:\Program Files\Git\mingw64\bin;C:\Program Files\Git\usr\local\bin;C:\Program Files\Git\usr\bin;C:\Program Files\Git\usr\bin;C:\Program Files\Git\mingw64\bin;C:\Program Files\Git\usr\bin;C:\Users\Gary\bin;C:\Program Files\NVIDIA GPU Computing Toolkit\CUDA\v11.2\bin;C:\Program Files\NVIDIA GPU Computing Toolkit\CUDA\v11.2\libnvvp;C:\app\Gary\product\18.0.0\dbhomeXE\bin;C:\Python39\Scripts;C:\Python39;C:\WINDOWS\system32;C:\WINDOWS;C:\WINDOWS\System32\Wbem;C:\WINDOWS\System32\WindowsPowerShell\v1.0;C:\WINDOWS\System32\OpenSSH;C:\xampp\php;C:\ProgramData\ComposerSetup\bin;C:\Program Files\PuTTY;C:\Program Files\Git\cmd;C:\Program Files\Git\mingw64\bin;C:\Program Files\Git\usr\bin;C:\Program Files\nodejs;C:\ProgramData\chocolatey\bin;C:\Users\Gary\AppData\Roaming\npm;C:\Program Files (x86)\Pulse Secure\VC142.CRT\X64;C:\Program Files (x86)\Pulse Secure\VC142.CRT\X86;C:\Program Files (x86)\NetSarang\Xshell 7;C:\Program Files\NVIDIA Corporation\Nsight Compute 2020.3.1;C:\Program Files (x86)\NVIDIA Corporation\PhysX\Common;C:\Program Files\NVIDIA Corporation\NVIDIA NvDLISR;C:\Users\Gary\AppData\Local\Programs\Python\Python38-32\Scripts;C:\Users\Gary\AppData\Local\Programs\Python\Python38-32;C:\Users\Gary\AppData\Local\Microsoft\WindowsApps;C:\Users\Gary\AppData\Roaming\Composer\vendor\bin;C:\Program Files\Java\jdk-14.0.2\bin;C:\MinGW\bin;C:\Users\Gary\AppData\Local\Programs\Microsoft VS Code\bin;C:\Users\Gary\AppData\Roaming\npm;C:\Program Files\MongoDB\Server\4.4\bin;C:\Program Files\Git\usr\bin\vendor_perl;C:\Program Files\Git\usr\bin\core_perl;.]
03-May-2021 20:14:38.038 INFO [main] org.apache.coyote.AbstractProtocol.init Initializing ProtocolHandler ["http-nio-8080"]
03-May-2021 20:14:38.064 INFO [main] org.apache.catalina.startup.Catalina.load Server initialization in [515] milliseconds
03-May-2021 20:14:38.102 INFO [main] org.apache.catalina.core.StandardService.startInternal Starting service [Catalina]
03-May-2021 20:14:38.103 INFO [main] org.apache.catalina.core.StandardEngine.startInternal Starting Servlet engine: [Apache Tomcat/10.0.5]
03-May-2021 20:14:38.111 INFO [main] org.apache.catalina.startup.HostConfig.deployDirectory Deploying web application directory [I:\21Spring\COMP4321\Project\Final_Version\After\apache-tomcat-10.0.5_group11\webapps\docs]
03-May-2021 20:14:38.412 INFO [main] org.apache.catalina.startup.HostConfig.deployDirectory Deployment of web application directory [I:\21Spring\COMP4321\Project\Final_Version\After\apache-tomcat-10.0.5_group11\webapps\docs] has finished in [301] ms
03-May-2021 20:14:38.412 INFO [main] org.apache.catalina.startup.HostConfig.deployDirectory Deploying web application directory [I:\21Spring\COMP4321\Project\Final_Version\After\apache-tomcat-10.0.5_group11\webapps\example]
03-May-2021 20:14:38.602 INFO [main] org.apache.jasper.servlet.TldScanner.scanJars At least one JAR was scanned for TLDs yet contained no TLDs. Enable debug logging for this logger for a complete list of JARs that were scanned but no TLDs were found in them. Skipping unneeded JARs during scanning can improve startup time and JSP compilation time.
03-May-2021 20:14:38.609 INFO [main] org.apache.catalina.startup.HostConfig.deployDirectory Deployment of web application directory [I:\21Spring\COMP4321\Project\Final_Version\After\apache-tomcat-10.0.5_group11\webapps\example] has finished in [197] ms
03-May-2021 20:14:38.609 INFO [main] org.apache.catalina.startup.HostConfig.deployDirectory Deploying web application directory [I:\21Spring\COMP4321\Project\Final_Version\After\apache-tomcat-10.0.5_group11\webapps\examples]
03-May-2021 20:14:39.016 INFO [main] org.apache.catalina.startup.HostConfig.deployDirectory Deployment of web application directory [I:\21Spring\COMP4321\Project\Final_Version\After\apache-tomcat-10.0.5_group11\webapps\examples] has finished in [407] ms
03-May-2021 20:14:39.017 INFO [main] org.apache.catalina.startup.HostConfig.deployDirectory Deploying web application directory [I:\21Spring\COMP4321\Project\Final_Version\After\apache-tomcat-10.0.5_group11\webapps\host-manager]
03-May-2021 20:14:39.050 INFO [main] org.apache.catalina.startup.HostConfig.deployDirectory Deployment of web application directory [I:\21Spring\COMP4321\Project\Final_Version\After\apache-tomcat-10.0.5_group11\webapps\host-manager] has finished in [33] ms
03-May-2021 20:14:39.051 INFO [main] org.apache.catalina.startup.HostConfig.deployDirectory Deploying web application directory [I:\21Spring\COMP4321\Project\Final_Version\After\apache-tomcat-10.0.5_group11\webapps\manager]
03-May-2021 20:14:39.079 INFO [main] org.apache.catalina.startup.HostConfig.deployDirectory Deployment of web application directory [I:\21Spring\COMP4321\Project\Final_Version\After\apache-tomcat-10.0.5_group11\webapps\manager] has finished in [28] ms
03-May-2021 20:14:39.079 INFO [main] org.apache.catalina.startup.HostConfig.deployDirectory Deploying web application directory [I:\21Spring\COMP4321\Project\Final_Version\After\apache-tomcat-10.0.5_group11\webapps\ROOT]
03-May-2021 20:14:39.108 INFO [main] org.apache.catalina.startup.HostConfig.deployDirectory Deployment of web application directory [I:\21Spring\COMP4321\Project\Final_Version\After\apache-tomcat-10.0.5_group11\webapps\ROOT] has finished in [28] ms
03-May-2021 20:14:39.111 INFO [main] org.apache.coyote.AbstractProtocol.start Starting ProtocolHandler ["http-nio-8080"]
03-May-2021 20:14:39.176 INFO [main] org.apache.catalina.startup.Catalina.start Server startup in [1111] milliseconds
